# JRE version: OpenJDK Runtime Environment (11.0.11+9) (build 11.0.11+9-b60-7590822)
# Java VM: OpenJDK 64-Bit Server VM (11.0.11+9-b60-7590822, mixed mode, tiered, compressed oops, g1 gc, windows-amd64)
Heap:
 garbage-first heap   total 347136K, used 167955K [0x0000000080000000, 0x0000000100000000)
  region size 1024K, 6 young (6144K), 6 survivors (6144K)
 Metaspace       used 130137K, capacity 134524K, committed 134908K, reserved 1167360K
  class space    used 15790K, capacity 17374K, committed 17536K, reserved 1048576K
GC Heap History (20 events):
Event: 19846.000 GC heap after
{Heap after GC invocations=236 (full 0):
 garbage-first heap   total 288768K, used 110297K [0x0000000080000000, 0x0000000100000000)
  region size 1024K, 14 young (14336K), 14 survivors (14336K)
 Metaspace       used 129017K, capacity 133377K, committed 133500K, reserved 1165312K
  class space    used 15717K, capacity 17301K, committed 17408K, reserved 1048576K
}
Event: 19846.009 GC heap before
{Heap before GC invocations=236 (full 0):
 garbage-first heap   total 288768K, used 111321K [0x0000000080000000, 0x0000000100000000)
  region size 1024K, 15 young (15360K), 14 survivors (14336K)
 Metaspace       used 129017K, capacity 133377K, committed 133500K, reserved 1165312K
  class space    used 15717K, capacity 17301K, committed 17408K, reserved 1048576K
}
Event: 19846.064 GC heap after
{Heap after GC invocations=237 (full 0):
 garbage-first heap   total 288768K, used 105567K [0x0000000080000000, 0x0000000100000000)
  region size 1024K, 2 young (2048K), 2 survivors (2048K)
 Metaspace       used 129017K, capacity 133377K, committed 133500K, reserved 1165312K
  class space    used 15717K, capacity 17301K, committed 17408K, reserved 1048576K
}
Event: 19849.236 GC heap before
{Heap before GC invocations=237 (full 0):
 garbage-first heap   total 288768K, used 224351K [0x0000000080000000, 0x0000000100000000)
  region size 1024K, 119 young (121856K), 2 survivors (2048K)
 Metaspace       used 129864K, capacity 134264K, committed 134396K, reserved 1167360K
  class space    used 15815K, capacity 17443K, committed 17536K, reserved 1048576K
}
Event: 19849.277 GC heap after
{Heap after GC invocations=238 (full 0):
 garbage-first heap   total 288768K, used 111376K [0x0000000080000000, 0x0000000100000000)
  region size 1024K, 8 young (8192K), 8 survivors (8192K)
 Metaspace       used 129864K, capacity 134264K, committed 134396K, reserved 1167360K
  class space    used 15815K, capacity 17443K, committed 17536K, reserved 1048576K
}
Event: 19851.694 GC heap before
{Heap before GC invocations=239 (full 0):
 garbage-first heap   total 288768K, used 229136K [0x0000000080000000, 0x0000000100000000)
  region size 1024K, 123 young (125952K), 8 survivors (8192K)
 Metaspace       used 129882K, capacity 134312K, committed 134652K, reserved 1167360K
  class space    used 15780K, capacity 17374K, committed 17536K, reserved 1048576K
}
Event: 19851.741 GC heap after
{Heap after GC invocations=240 (full 0):
 garbage-first heap   total 288768K, used 128467K [0x0000000080000000, 0x0000000100000000)
  region size 1024K, 16 young (16384K), 16 survivors (16384K)
 Metaspace       used 129882K, capacity 134312K, committed 134652K, reserved 1167360K
  class space    used 15780K, capacity 17374K, committed 17536K, reserved 1048576K
}
Event: 19851.745 GC heap before
{Heap before GC invocations=240 (full 0):
 garbage-first heap   total 288768K, used 128467K [0x0000000080000000, 0x0000000100000000)
  region size 1024K, 17 young (17408K), 16 survivors (16384K)
 Metaspace       used 129882K, capacity 134312K, committed 134652K, reserved 1167360K
  class space    used 15780K, capacity 17374K, committed 17536K, reserved 1048576K
}
Event: 19851.784 GC heap after
{Heap after GC invocations=241 (full 0):
 garbage-first heap   total 288768K, used 126869K [0x0000000080000000, 0x0000000100000000)
  region size 1024K, 2 young (2048K), 2 survivors (2048K)
 Metaspace       used 129882K, capacity 134312K, committed 134652K, reserved 1167360K
  class space    used 15780K, capacity 17374K, committed 17536K, reserved 1048576K
}
Event: 19852.257 GC heap before
{Heap before GC invocations=241 (full 0):
 garbage-first heap   total 288768K, used 226197K [0x0000000080000000, 0x0000000100000000)
  region size 1024K, 100 young (102400K), 2 survivors (2048K)
 Metaspace       used 129919K, capacity 134316K, committed 134652K, reserved 1167360K
  class space    used 15783K, capacity 17375K, committed 17536K, reserved 1048576K
}
Event: 19852.353 GC heap after
{Heap after GC invocations=242 (full 0):
 garbage-first heap   total 288768K, used 142336K [0x0000000080000000, 0x0000000100000000)
  region size 1024K, 13 young (13312K), 13 survivors (13312K)
 Metaspace       used 129919K, capacity 134316K, committed 134652K, reserved 1167360K
  class space    used 15783K, capacity 17375K, committed 17536K, reserved 1048576K
}
Event: 19853.280 GC heap before
{Heap before GC invocations=242 (full 0):
 garbage-first heap   total 288768K, used 227328K [0x0000000080000000, 0x0000000100000000)
  region size 1024K, 96 young (98304K), 13 survivors (13312K)
 Metaspace       used 129972K, capacity 134371K, committed 134652K, reserved 1167360K
  class space    used 15780K, capacity 17369K, committed 17536K, reserved 1048576K
}
Event: 19853.367 GC heap after
{Heap after GC invocations=243 (full 0):
 garbage-first heap   total 288768K, used 153850K [0x0000000080000000, 0x0000000100000000)
  region size 1024K, 11 young (11264K), 11 survivors (11264K)
 Metaspace       used 129972K, capacity 134371K, committed 134652K, reserved 1167360K
  class space    used 15780K, capacity 17369K, committed 17536K, reserved 1048576K
}
Event: 19854.157 GC heap before
{Heap before GC invocations=244 (full 0):
 garbage-first heap   total 288768K, used 229626K [0x0000000080000000, 0x0000000100000000)
  region size 1024K, 85 young (87040K), 11 survivors (11264K)
 Metaspace       used 130056K, capacity 134441K, committed 134908K, reserved 1167360K
  class space    used 15788K, capacity 17370K, committed 17536K, reserved 1048576K
}
Event: 19854.223 GC heap after
{Heap after GC invocations=245 (full 0):
 garbage-first heap   total 288768K, used 162304K [0x0000000080000000, 0x0000000100000000)
  region size 1024K, 9 young (9216K), 9 survivors (9216K)
 Metaspace       used 130056K, capacity 134441K, committed 134908K, reserved 1167360K
  class space    used 15788K, capacity 17370K, committed 17536K, reserved 1048576K
}
Event: 19854.244 GC heap before
{Heap before GC invocations=245 (full 0):
 garbage-first heap   total 288768K, used 166400K [0x0000000080000000, 0x0000000100000000)
  region size 1024K, 14 young (14336K), 9 survivors (9216K)
 Metaspace       used 130060K, capacity 134441K, committed 134908K, reserved 1167360K
  class space    used 15788K, capacity 17370K, committed 17536K, reserved 1048576K
}
Event: 19854.306 GC heap after
{Heap after GC invocations=246 (full 0):
 garbage-first heap   total 288768K, used 156156K [0x0000000080000000, 0x0000000100000000)
  region size 1024K, 2 young (2048K), 2 survivors (2048K)
 Metaspace       used 130060K, capacity 134441K, committed 134908K, reserved 1167360K
  class space    used 15788K, capacity 17370K, committed 17536K, reserved 1048576K
}
Event: 19854.675 GC heap before
{Heap before GC invocations=246 (full 0):
 garbage-first heap   total 288768K, used 230908K [0x0000000080000000, 0x0000000100000000)
  region size 1024K, 76 young (77824K), 2 survivors (2048K)
 Metaspace       used 130101K, capacity 134506K, committed 134908K, reserved 1167360K
  class space    used 15788K, capacity 17370K, committed 17536K, reserved 1048576K
}
Event: 19854.734 GC heap after
{Heap after GC invocations=247 (full 0):
 garbage-first heap   total 288768K, used 162899K [0x0000000080000000, 0x0000000100000000)
  region size 1024K, 9 young (9216K), 9 survivors (9216K)
 Metaspace       used 130101K, capacity 134506K, committed 134908K, reserved 1167360K
  class space    used 15788K, capacity 17370K, committed 17536K, reserved 1048576K
}
Event: 19855.264 GC heap before
{Heap before GC invocations=247 (full 0):
 garbage-first heap   total 288768K, used 234579K [0x0000000080000000, 0x0000000100000000)
  region size 1024K, 79 young (80896K), 9 survivors (9216K)
 Metaspace       used 130137K, capacity 134524K, committed 134908K, reserved 1167360K
  class space    used 15790K, capacity 17374K, committed 17536K, reserved 1048576K
}

